[12-May-2022 12:02:11] NOTICE: fpm is running, pid 94013
[12-May-2022 12:02:11] NOTICE: ready to handle connections
[18-May-2022 08:29:47] NOTICE: Terminating ...
[18-May-2022 08:29:47] NOTICE: Terminating ...
[18-May-2022 08:29:47] NOTICE: exiting, bye-bye!
[18-May-2022 12:33:46] NOTICE: fpm is running, pid 4770
[18-May-2022 12:33:46] NOTICE: ready to handle connections
[26-May-2022 19:39:44] NOTICE: Terminating ...
[26-May-2022 19:39:44] NOTICE: Terminating ...
[26-May-2022 19:39:44] NOTICE: exiting, bye-bye!
[06-Jul-2022 20:09:34] NOTICE: fpm is running, pid 20806
[06-Jul-2022 20:09:34] NOTICE: ready to handle connections
[06-Jul-2022 20:17:39] NOTICE: Terminating ...
[06-Jul-2022 20:17:39] NOTICE: Terminating ...
[06-Jul-2022 20:17:39] NOTICE: exiting, bye-bye!
[06-Jul-2022 20:17:55] NOTICE: fpm is running, pid 21385
[06-Jul-2022 20:17:55] NOTICE: ready to handle connections
[08-Jul-2022 18:05:48] NOTICE: Terminating ...
[08-Jul-2022 18:05:48] NOTICE: Terminating ...
[08-Jul-2022 18:05:48] NOTICE: exiting, bye-bye!
[20-Jul-2022 11:01:12] NOTICE: fpm is running, pid 47668
[20-Jul-2022 11:01:12] NOTICE: ready to handle connections
[25-Jul-2022 13:49:20] NOTICE: Terminating ...
[25-Jul-2022 13:49:20] NOTICE: Terminating ...
[25-Jul-2022 13:49:20] NOTICE: exiting, bye-bye!
[23-Aug-2022 21:28:30] NOTICE: fpm is running, pid 49311
[23-Aug-2022 21:28:30] NOTICE: ready to handle connections
[24-Aug-2022 05:55:53] NOTICE: Terminating ...
[24-Aug-2022 05:55:53] NOTICE: exiting, bye-bye!
[01-Sep-2022 06:36:12] NOTICE: fpm is running, pid 27253
[01-Sep-2022 06:36:12] NOTICE: ready to handle connections
